<?xml version="1.0" encoding="UTF-8"?>
<!-- Generated by org.testng.reporters.JUnitReportReporter -->
<testsuite hostname="DESKTOP-FRLCKIF" name="com.qa.tests.PostAPITest" tests="1" failures="0" timestamp="8 Jan 2019 05:16:26 GMT" time="1.971" errors="0">
  <testcase name="PostAPITest" time="1.971" classname="com.qa.tests.PostAPITest"/>
</testsuite> <!-- com.qa.tests.PostAPITest -->
