<?xml version="1.0" encoding="UTF-8"?>
<!-- Generated by org.testng.reporters.JUnitReportReporter -->
<testsuite hostname="DESKTOP-FRLCKIF" name="com.qa.tests.GetAPITest" tests="2" failures="0" timestamp="7 Feb 2019 05:05:27 GMT" time="4.733" errors="0">
  <testcase name="getTest" time="3.988" classname="com.qa.tests.GetAPITest"/>
  <testcase name="getTestWithHeaders" time="0.745" classname="com.qa.tests.GetAPITest"/>
</testsuite> <!-- com.qa.tests.GetAPITest -->
