<?xml version="1.0" encoding="UTF-8"?>
<!-- Generated by org.testng.reporters.JUnitReportReporter -->
<testsuite hostname="DESKTOP-FRLCKIF" name="com.qa.tests.GetAPITest" tests="2" failures="0" timestamp="1 Jan 2019 09:53:17 GMT" time="3.001" errors="0">
  <testcase name="getTestWithHeaders" time="0.767" classname="com.qa.tests.GetAPITest"/>
  <testcase name="getTest" time="2.234" classname="com.qa.tests.GetAPITest"/>
</testsuite> <!-- com.qa.tests.GetAPITest -->
